<?xml version="1.0" encoding="UTF-8"?>
<!-- Generated by org.testng.reporters.JUnitReportReporter -->
<testsuite hostname="LAPTOP-FDT31RMK" failures="0" tests="1" name="com.nopcommerce.tests.AddNewCustomerTest" time="26.989" errors="0" timestamp="2021-10-14T14:05:16 IST" skipped="0">
  <testcase classname="com.nopcommerce.tests.AddNewCustomerTest" name="newCustomerTest" time="26.989"/>
  <system-out/>
</testsuite> <!-- com.nopcommerce.tests.AddNewCustomerTest -->
