<?xml version="1.0" encoding="UTF-8"?>
<!-- Generated by org.testng.reporters.JUnitReportReporter -->
<testsuite skipped="0" hostname="LAPTOP-FDT31RMK" name="com.nopcommerce.tests.AddNewCustomerTest" tests="1" failures="0" timestamp="2021-10-14T19:29:52 IST" time="51.187" errors="0">
  <testcase name="newCustomerTest" time="51.187" classname="com.nopcommerce.tests.AddNewCustomerTest"/>
  <system-out/>
</testsuite> <!-- com.nopcommerce.tests.AddNewCustomerTest -->
